<?xml version="1.0" encoding="UTF-8" ?>
<testsuite tests="2" failures="2" name="com.cs.aep.games.monopoly.CucumberTest" time="0.12" errors="0" skipped="0">
  <properties>
[...]
</properties>
  <testcase classname="Play game with 2 AI" name="Model the player movement around the board" time="0.12">
    <failure message="expected:&lt;[0]&gt; but was:&lt;[11]&gt;" type="org.junit.ComparisonFailure">org.junit.ComparisonFailure: expected:&lt;[0]&gt; but was:&lt;[11]&gt;
	at sun.reflect.NativeConstructorAccessorImpl.newInstance0(Native Method)
	at sun.reflect.NativeConstructorAccessorImpl.newInstance(NativeConstructorAccessorImpl.java:62)
	at sun.reflect.DelegatingConstructorAccessorImpl.newInstance(DelegatingConstructorAccessorImpl.java:45)
	at com.cs.aep.games.monopoly.MonopolyStepDefinitions.playerSNewPositionIsNEW_LOCATION(MonopolyStepDefinitions.java:35)
	at ✽.player 1&apos;s new position is 11(classpath:features/Monopoly_PlayGame_Movement.feature:10)
</failure>
  </testcase>
  <testcase classname="Play game with 2 AI" name="Model the player movement around the board" time="0">
    <failure message="expected:&lt;[0]&gt; but was:&lt;[5]&gt;" type="org.junit.ComparisonFailure">org.junit.ComparisonFailure: expected:&lt;[0]&gt; but was:&lt;[5]&gt;
	at sun.reflect.NativeConstructorAccessorImpl.newInstance0(Native Method)
	at sun.reflect.NativeConstructorAccessorImpl.newInstance(NativeConstructorAccessorImpl.java:62)
	at sun.reflect.DelegatingConstructorAccessorImpl.newInstance(DelegatingConstructorAccessorImpl.java:45)
	at com.cs.aep.games.monopoly.MonopolyStepDefinitions.playerSNewPositionIsNEW_LOCATION(MonopolyStepDefinitions.java:35)
	at ✽.player 1&apos;s new position is 5(classpath:features/Monopoly_PlayGame_Movement.feature:10)
</failure>
  </testcase>
</testsuite>